
Showing logs for build [32mcb-kubecd-environment-pr-158-53-6grjs-1[0m stage [32mfrom-build-pack[0m and container [32mstep-credential-initializer-r5g49[0m
{"level":"warn","ts":1581944540.95702,"logger":"fallback-logger","caller":"logging/config.go:69","msg":"Fetch GitHub commit ID from kodata failed: \"ref: refs/heads/0.8.0-**-support-backwards-incompats\" is not a valid GitHub commit ID"}
{"level":"info","ts":1581944540.9576218,"logger":"fallback-logger","caller":"creds-init/main.go:40","msg":"Credentials initialized."}

Showing logs for build [32mcb-kubecd-environment-pr-158-53-6grjs-1[0m stage [32mfrom-build-pack[0m and container [32mstep-working-dir-initializer-gj7nd[0m
{"level":"warn","ts":1581944542.002715,"logger":"fallback-logger","caller":"logging/config.go:69","msg":"Fetch GitHub commit ID from kodata failed: open /var/run/ko/HEAD: no such file or directory"}
{"level":"info","ts":1581944542.0347753,"logger":"fallback-logger","caller":"bash/main.go:64","msg":"Successfully executed command \"sh -c mkdir -p /workspace/source\"; output "}

Showing logs for build [32mcb-kubecd-environment-pr-158-53-6grjs-1[0m stage [32mfrom-build-pack[0m and container [32mstep-place-tools[0m

Showing logs for build [32mcb-kubecd-environment-pr-158-53-6grjs-1[0m stage [32mfrom-build-pack[0m and container [32mstep-git-source-cb-kubecd-environment-pr-158-53-6grjs-25mlm[0m
{"level":"warn","ts":1581944546.014952,"logger":"fallback-logger","caller":"logging/config.go:69","msg":"Fetch GitHub commit ID from kodata failed: \"ref: refs/heads/0.8.0-**-support-backwards-incompats\" is not a valid GitHub commit ID"}
{"level":"info","ts":1581944547.0896094,"logger":"fallback-logger","caller":"git/git.go:103","msg":"Successfully cloned https://github.com/cb-kubecd/environment-pr-158-53-boot-gke-staging.git @ master in path /workspace/source"}

Showing logs for build [32mcb-kubecd-environment-pr-158-53-6grjs-1[0m stage [32mfrom-build-pack[0m and container [32mstep-git-merge[0m
Using SHAs from PULL_REFS=master:e5e6cf8116ae6974ff1ce070b505bf169858e9ea,3:adae3fba286a53e2227d415d4ed3fe11399e5b4e
DEBUG: LC_ALL=C JX_LOG_LEVEL=error git fetch origin --unshallow adae3fba286a53e2227d415d4ed3fe11399e5b4e: e5e6cf8116ae6974ff1ce070b505bf169858e9ea:
DEBUG: ran git fetch --unshallow origin adae3fba286a53e2227d415d4ed3fe11399e5b4e: e5e6cf8116ae6974ff1ce070b505bf169858e9ea: in 
DEBUG: LC_ALL=C JX_LOG_LEVEL=error git branch
DEBUG: LC_ALL=C JX_LOG_LEVEL=error git checkout master
DEBUG: ran git checkout master in 
DEBUG: LC_ALL=C JX_LOG_LEVEL=error git reset --hard e5e6cf8116ae6974ff1ce070b505bf169858e9ea
DEBUG: ran git reset --hard e5e6cf8116ae6974ff1ce070b505bf169858e9ea in 
DEBUG: LC_ALL=C JX_LOG_LEVEL=error git clean -fd .
DEBUG: ran clean --force -d . in 
DEBUG: LC_ALL=C JX_LOG_LEVEL=error git merge adae3fba286a53e2227d415d4ed3fe11399e5b4e
DEBUG: ran git merge adae3fba286a53e2227d415d4ed3fe11399e5b4e in 
DEBUG: LC_ALL=C JX_LOG_LEVEL=error git log --format=%H%x1f%an%x1f%ae%x1f%cn%x1f%ce%x1f%s%n%b%x1e e5e6cf8116ae6974ff1ce070b505bf169858e9ea..HEAD
Merged SHA adae3fba286a53e2227d415d4ed3fe11399e5b4e with commit message 'chore: Promote bdd-nh-1581943431 to version 0.0.1' into base branch master

Showing logs for build [32mcb-kubecd-environment-pr-158-53-6grjs-1[0m stage [32mfrom-build-pack[0m and container [32mstep-build-helm-build[0m
WARNING: No $CHART_REPOSITORY defined so using the default value of: http://jenkins-x-chartmuseum:8080
Adding missing Helm repo: storage.googleapis.com https://storage.googleapis.com/chartmuseum.jenkins-x.io
WARNING: No secrets found on "helm/repos" due: reading the secret "helm/repos" from vault: no secret "helm/repos" not found in vault
Read credentials for https://storage.googleapis.com/chartmuseum.jenkins-x.io from vault helm/repos
Successfully added Helm repository storage.googleapis.com.
Adding missing Helm repo: jenkins-x-chartmuseum http://jenkins-x-chartmuseum:8080
WARNING: No secrets found on "helm/repos" due: reading the secret "helm/repos" from vault: no secret "helm/repos" not found in vault
Read credentials for http://jenkins-x-chartmuseum:8080 from vault helm/repos
Successfully added Helm repository jenkins-x-chartmuseum.
WARNING: No $CHART_REPOSITORY defined so using the default value of: http://jenkins-x-chartmuseum:8080
Adding missing Helm repo: chartmuseum.jenkins-x.io http://chartmuseum.jenkins-x.io
WARNING: No secrets found on "helm/repos" due: reading the secret "helm/repos" from vault: no secret "helm/repos" not found in vault
Read credentials for http://chartmuseum.jenkins-x.io from vault helm/repos
Successfully added Helm repository chartmuseum.jenkins-x.io.
