
Showing logs for build [32mcb-kubecd-environment-pr-158-53-nchwh-1[0m stage [32mfrom-build-pack[0m and container [32mstep-credential-initializer-p4k48[0m
{"level":"warn","ts":1581946902.1615844,"logger":"fallback-logger","caller":"logging/config.go:69","msg":"Fetch GitHub commit ID from kodata failed: \"ref: refs/heads/0.8.0-**-support-backwards-incompats\" is not a valid GitHub commit ID"}
{"level":"info","ts":1581946902.1625674,"logger":"fallback-logger","caller":"creds-init/main.go:40","msg":"Credentials initialized."}

Showing logs for build [32mcb-kubecd-environment-pr-158-53-nchwh-1[0m stage [32mfrom-build-pack[0m and container [32mstep-working-dir-initializer-74vr6[0m
{"level":"warn","ts":1581946903.1975317,"logger":"fallback-logger","caller":"logging/config.go:69","msg":"Fetch GitHub commit ID from kodata failed: open /var/run/ko/HEAD: no such file or directory"}
{"level":"info","ts":1581946903.1996028,"logger":"fallback-logger","caller":"bash/main.go:64","msg":"Successfully executed command \"sh -c mkdir -p /workspace/source\"; output "}

Showing logs for build [32mcb-kubecd-environment-pr-158-53-nchwh-1[0m stage [32mfrom-build-pack[0m and container [32mstep-place-tools[0m

Showing logs for build [32mcb-kubecd-environment-pr-158-53-nchwh-1[0m stage [32mfrom-build-pack[0m and container [32mstep-git-source-cb-kubecd-environment-pr-158-53-nchwh-rk6q8[0m
{"level":"warn","ts":1581946907.3925092,"logger":"fallback-logger","caller":"logging/config.go:69","msg":"Fetch GitHub commit ID from kodata failed: \"ref: refs/heads/0.8.0-**-support-backwards-incompats\" is not a valid GitHub commit ID"}
{"level":"info","ts":1581946908.4937065,"logger":"fallback-logger","caller":"git/git.go:103","msg":"Successfully cloned https://github.com/cb-kubecd/environment-pr-158-53-boot-gke-staging.git @ master in path /workspace/source"}

Showing logs for build [32mcb-kubecd-environment-pr-158-53-nchwh-1[0m stage [32mfrom-build-pack[0m and container [32mstep-git-merge[0m
Using SHAs from PULL_REFS=master:3f91f4e8ba70cbf3b0b57f6cbfa302871f44e021,7:48c6be0b6daf56180061f65acd9d994b2714f50b
DEBUG: LC_ALL=C JX_LOG_LEVEL=error git fetch origin --unshallow 48c6be0b6daf56180061f65acd9d994b2714f50b: 3f91f4e8ba70cbf3b0b57f6cbfa302871f44e021:
DEBUG: ran git fetch --unshallow origin 48c6be0b6daf56180061f65acd9d994b2714f50b: 3f91f4e8ba70cbf3b0b57f6cbfa302871f44e021: in 
DEBUG: LC_ALL=C JX_LOG_LEVEL=error git branch
DEBUG: LC_ALL=C JX_LOG_LEVEL=error git checkout master
DEBUG: ran git checkout master in 
DEBUG: LC_ALL=C JX_LOG_LEVEL=error git reset --hard 3f91f4e8ba70cbf3b0b57f6cbfa302871f44e021
DEBUG: ran git reset --hard 3f91f4e8ba70cbf3b0b57f6cbfa302871f44e021 in 
DEBUG: LC_ALL=C JX_LOG_LEVEL=error git clean -fd .
DEBUG: ran clean --force -d . in 
DEBUG: LC_ALL=C JX_LOG_LEVEL=error git merge 48c6be0b6daf56180061f65acd9d994b2714f50b
DEBUG: ran git merge 48c6be0b6daf56180061f65acd9d994b2714f50b in 
DEBUG: JX_LOG_LEVEL=error LC_ALL=C git log --format=%H%x1f%an%x1f%ae%x1f%cn%x1f%ce%x1f%s%n%b%x1e 3f91f4e8ba70cbf3b0b57f6cbfa302871f44e021..HEAD
Merged SHA 48c6be0b6daf56180061f65acd9d994b2714f50b with commit message 'chore: Promote bdd-sbhg-import-1581945466 to version 0.0.1' into base branch master

Showing logs for build [32mcb-kubecd-environment-pr-158-53-nchwh-1[0m stage [32mfrom-build-pack[0m and container [32mstep-build-helm-build[0m
WARNING: No $CHART_REPOSITORY defined so using the default value of: http://jenkins-x-chartmuseum:8080
Adding missing Helm repo: storage.googleapis.com https://storage.googleapis.com/chartmuseum.jenkins-x.io
WARNING: No secrets found on "helm/repos" due: reading the secret "helm/repos" from vault: no secret "helm/repos" not found in vault
Read credentials for https://storage.googleapis.com/chartmuseum.jenkins-x.io from vault helm/repos
Successfully added Helm repository storage.googleapis.com.
Adding missing Helm repo: jenkins-x-chartmuseum http://jenkins-x-chartmuseum:8080
WARNING: No secrets found on "helm/repos" due: reading the secret "helm/repos" from vault: no secret "helm/repos" not found in vault
Read credentials for http://jenkins-x-chartmuseum:8080 from vault helm/repos
Successfully added Helm repository jenkins-x-chartmuseum.
WARNING: No $CHART_REPOSITORY defined so using the default value of: http://jenkins-x-chartmuseum:8080
Adding missing Helm repo: chartmuseum.jenkins-x.io http://chartmuseum.jenkins-x.io
WARNING: No secrets found on "helm/repos" due: reading the secret "helm/repos" from vault: no secret "helm/repos" not found in vault
Read credentials for http://chartmuseum.jenkins-x.io from vault helm/repos
Successfully added Helm repository chartmuseum.jenkins-x.io.
