
Showing logs for build [32mcb-kubecd-environment-pr-158-53-r2g4b-1[0m stage [32mfrom-build-pack[0m and container [32mstep-credential-initializer-jsx4z[0m
{"level":"warn","ts":1581946179.4032578,"logger":"fallback-logger","caller":"logging/config.go:69","msg":"Fetch GitHub commit ID from kodata failed: \"ref: refs/heads/0.8.0-**-support-backwards-incompats\" is not a valid GitHub commit ID"}
{"level":"info","ts":1581946179.4063573,"logger":"fallback-logger","caller":"creds-init/main.go:40","msg":"Credentials initialized."}

Showing logs for build [32mcb-kubecd-environment-pr-158-53-r2g4b-1[0m stage [32mfrom-build-pack[0m and container [32mstep-working-dir-initializer-q7kff[0m
{"level":"warn","ts":1581946180.9677896,"logger":"fallback-logger","caller":"logging/config.go:69","msg":"Fetch GitHub commit ID from kodata failed: open /var/run/ko/HEAD: no such file or directory"}
{"level":"info","ts":1581946180.9718661,"logger":"fallback-logger","caller":"bash/main.go:64","msg":"Successfully executed command \"sh -c mkdir -p /workspace/source\"; output "}

Showing logs for build [32mcb-kubecd-environment-pr-158-53-r2g4b-1[0m stage [32mfrom-build-pack[0m and container [32mstep-place-tools[0m

Showing logs for build [32mcb-kubecd-environment-pr-158-53-r2g4b-1[0m stage [32mfrom-build-pack[0m and container [32mstep-git-source-cb-kubecd-environment-pr-158-53-r2g4b-gws5z[0m
{"level":"warn","ts":1581946185.4410353,"logger":"fallback-logger","caller":"logging/config.go:69","msg":"Fetch GitHub commit ID from kodata failed: \"ref: refs/heads/0.8.0-**-support-backwards-incompats\" is not a valid GitHub commit ID"}
{"level":"info","ts":1581946186.5766528,"logger":"fallback-logger","caller":"git/git.go:103","msg":"Successfully cloned https://github.com/cb-kubecd/environment-pr-158-53-boot-gke-staging.git @ master in path /workspace/source"}

Showing logs for build [32mcb-kubecd-environment-pr-158-53-r2g4b-1[0m stage [32mfrom-build-pack[0m and container [32mstep-git-merge[0m
Using SHAs from PULL_REFS=master:6511334a1f43187979d83f7f4af59bac93f6f710,6:ee06a9a4f00973e43367ab32d6bf7278d2015c5f
DEBUG: LC_ALL=C JX_LOG_LEVEL=error git fetch origin --unshallow ee06a9a4f00973e43367ab32d6bf7278d2015c5f: 6511334a1f43187979d83f7f4af59bac93f6f710:
DEBUG: ran git fetch --unshallow origin ee06a9a4f00973e43367ab32d6bf7278d2015c5f: 6511334a1f43187979d83f7f4af59bac93f6f710: in 
DEBUG: LC_ALL=C JX_LOG_LEVEL=error git branch
DEBUG: LC_ALL=C JX_LOG_LEVEL=error git checkout master
DEBUG: ran git checkout master in 
DEBUG: LC_ALL=C JX_LOG_LEVEL=error git reset --hard 6511334a1f43187979d83f7f4af59bac93f6f710
DEBUG: ran git reset --hard 6511334a1f43187979d83f7f4af59bac93f6f710 in 
DEBUG: LC_ALL=C JX_LOG_LEVEL=error git clean -fd .
DEBUG: ran clean --force -d . in 
DEBUG: LC_ALL=C JX_LOG_LEVEL=error git merge ee06a9a4f00973e43367ab32d6bf7278d2015c5f
DEBUG: ran git merge ee06a9a4f00973e43367ab32d6bf7278d2015c5f in 
DEBUG: LC_ALL=C JX_LOG_LEVEL=error git log --format=%H%x1f%an%x1f%ae%x1f%cn%x1f%ce%x1f%s%n%b%x1e 6511334a1f43187979d83f7f4af59bac93f6f710..HEAD
Merged SHA ee06a9a4f00973e43367ab32d6bf7278d2015c5f with commit message 'chore: Promote bdd-sbrp-import-1581945466 to version 0.0.1' into base branch master

Showing logs for build [32mcb-kubecd-environment-pr-158-53-r2g4b-1[0m stage [32mfrom-build-pack[0m and container [32mstep-build-helm-build[0m
WARNING: No $CHART_REPOSITORY defined so using the default value of: http://jenkins-x-chartmuseum:8080
Adding missing Helm repo: storage.googleapis.com https://storage.googleapis.com/chartmuseum.jenkins-x.io
WARNING: No secrets found on "helm/repos" due: reading the secret "helm/repos" from vault: no secret "helm/repos" not found in vault
Read credentials for https://storage.googleapis.com/chartmuseum.jenkins-x.io from vault helm/repos
Successfully added Helm repository storage.googleapis.com.
Adding missing Helm repo: jenkins-x-chartmuseum http://jenkins-x-chartmuseum:8080
WARNING: No secrets found on "helm/repos" due: reading the secret "helm/repos" from vault: no secret "helm/repos" not found in vault
Read credentials for http://jenkins-x-chartmuseum:8080 from vault helm/repos
Successfully added Helm repository jenkins-x-chartmuseum.
WARNING: No $CHART_REPOSITORY defined so using the default value of: http://jenkins-x-chartmuseum:8080
Adding missing Helm repo: chartmuseum.jenkins-x.io http://chartmuseum.jenkins-x.io
WARNING: No secrets found on "helm/repos" due: reading the secret "helm/repos" from vault: no secret "helm/repos" not found in vault
Read credentials for http://chartmuseum.jenkins-x.io from vault helm/repos
Successfully added Helm repository chartmuseum.jenkins-x.io.
